<?xml version="1.0" encoding="UTF-8"?>
<!-- Generated by org.testng.reporters.JUnitReportReporter -->
<testsuite skipped="0" hostname="D8189" name="test.day2" tests="1" failures="0" timestamp="19 Jun 2018 09:07:34 GMT" time="0.001" errors="0">
  <testcase name="basic4" time="0.001" classname="test.day2"/>
</testsuite> <!-- test.day2 -->
