<?xml version="1.0" encoding="UTF-8"?>
<!-- Generated by org.testng.reporters.JUnitReportReporter -->
<testsuite skipped="0" hostname="D8189" name="test.NewTest" tests="1" failures="0" timestamp="28 Jun 2018 14:43:19 GMT" time="0.000" errors="0">
  <testcase name="f" time="0.000" classname="test.NewTest"/>
</testsuite> <!-- test.NewTest -->
