<?xml version="1.0" encoding="UTF-8"?>
<!-- Generated by org.testng.reporters.JUnitReportReporter -->
<testsuite skipped="0" hostname="D8189" name="test.basics" tests="2" failures="0" timestamp="19 Jun 2018 09:07:34 GMT" time="0.006" errors="0">
  <testcase name="basic" time="0.004" classname="test.basics"/>
  <testcase name="basic1" time="0.002" classname="test.basics"/>
</testsuite> <!-- test.basics -->
