<?xml version="1.0" encoding="UTF-8"?>
<!-- Generated by org.testng.reporters.JUnitReportReporter -->
<testsuite skipped="0" hostname="D8189" name="test.day4" tests="5" failures="0" timestamp="19 Jun 2018 09:07:34 GMT" time="0.006" errors="0">
  <testcase name="weblogin1" time="0.002" classname="test.day4"/>
  <testcase name="apilogin1" time="0.001" classname="test.day4"/>
  <testcase name="moblielogin1" time="0.001" classname="test.day4"/>
  <testcase name="weblogin1" time="0.001" classname="test.day4"/>
  <testcase name="weblogin1" time="0.001" classname="test.day4"/>
</testsuite> <!-- test.day4 -->
