<?xml version="1.0" encoding="UTF-8"?>
<!-- Generated by org.testng.reporters.JUnitReportReporter -->
<testsuite skipped="0" hostname="D8189" name="test.day3" tests="3" failures="0" timestamp="19 Jun 2018 09:07:35 GMT" time="0.004" errors="0">
  <testcase name="mobileweblogin" time="0.002" classname="test.day3"/>
  <testcase name="mobilelogin" time="0.001" classname="test.day3"/>
  <testcase name="apilogin" time="0.001" classname="test.day3"/>
</testsuite> <!-- test.day3 -->
